<?xml version="1.0" encoding="UTF-8"?>
<testng-results ignored="4" total="5" passed="1" failed="0" skipped="0">
  <reporter-output>
  </reporter-output>
  <suite started-at="2022-11-29T11:11:20 IST" name="Default suite" finished-at="2022-11-29T11:11:26 IST" duration-ms="5430">
    <groups>
    </groups>
    <test started-at="2022-11-29T11:11:20 IST" name="Default test" finished-at="2022-11-29T11:11:26 IST" duration-ms="5430">
      <class name="APIRequest.Basic5APIRequest">
        <test-method signature="PATCH()[pri:0, instance:APIRequest.Basic5APIRequest@50a638b5]" started-at="2022-11-29T11:11:20 IST" name="PATCH" finished-at="2022-11-29T11:11:25 IST" duration-ms="5390" status="PASS">
          <reporter-output>
          </reporter-output>
        </test-method> <!-- PATCH -->
      </class> <!-- APIRequest.Basic5APIRequest -->
    </test> <!-- Default test -->
  </suite> <!-- Default suite -->
</testng-results>
