<?xml version="1.0" encoding="UTF-8"?>
<testng-results ignored="7" total="10" passed="3" failed="0" skipped="0">
  <reporter-output>
  </reporter-output>
  <suite started-at="2022-11-24T12:43:14 IST" name="Default suite" finished-at="2022-11-24T12:43:28 IST" duration-ms="13271">
    <groups>
    </groups>
    <test started-at="2022-11-24T12:43:14 IST" name="Default test" finished-at="2022-11-24T12:43:28 IST" duration-ms="13271">
      <class name="BasicRequests.FirstRequest">
        <test-method signature="PATCHUsingDataProvider(java.lang.String)[pri:0, instance:BasicRequests.FirstRequest@481a996b]" started-at="2022-11-24T12:43:14 IST" name="PATCHUsingDataProvider" data-provider="DP1" finished-at="2022-11-24T12:43:19 IST" duration-ms="5103" status="PASS">
          <params>
            <param index="0">
              <value>
                <![CDATA[3]]>
              </value>
            </param>
          </params>
          <reporter-output>
          </reporter-output>
        </test-method> <!-- PATCHUsingDataProvider -->
        <test-method signature="PATCHUsingDataProvider(java.lang.String)[pri:0, instance:BasicRequests.FirstRequest@481a996b]" started-at="2022-11-24T12:43:19 IST" name="PATCHUsingDataProvider" data-provider="DP1" finished-at="2022-11-24T12:43:24 IST" duration-ms="4060" status="PASS">
          <params>
            <param index="0">
              <value>
                <![CDATA[4]]>
              </value>
            </param>
          </params>
          <reporter-output>
          </reporter-output>
        </test-method> <!-- PATCHUsingDataProvider -->
        <test-method signature="PATCHUsingDataProvider(java.lang.String)[pri:0, instance:BasicRequests.FirstRequest@481a996b]" started-at="2022-11-24T12:43:24 IST" name="PATCHUsingDataProvider" data-provider="DP1" finished-at="2022-11-24T12:43:28 IST" duration-ms="4057" status="PASS">
          <params>
            <param index="0">
              <value>
                <![CDATA[5]]>
              </value>
            </param>
          </params>
          <reporter-output>
          </reporter-output>
        </test-method> <!-- PATCHUsingDataProvider -->
      </class> <!-- BasicRequests.FirstRequest -->
    </test> <!-- Default test -->
  </suite> <!-- Default suite -->
</testng-results>
