<?xml version="1.0" encoding="UTF-8"?>
<!-- Generated by org.testng.reporters.JUnitXMLReporter -->
<testsuite ignored="4" hostname="LAPTOP-FI73UU61" failures="0" tests="1" name="Default test" time="5.43" errors="0" timestamp="2022-11-29T11:11:26 IST">
  <testcase classname="APIRequest.Basic5APIRequest" name="PATCH" time="5.39"/>
  <testcase classname="APIRequest.Basic5APIRequest" name="GET" time="0.0">
    <ignored/>
  </testcase> <!-- GET -->
  <testcase classname="APIRequest.Basic5APIRequest" name="PUT" time="0.0">
    <ignored/>
  </testcase> <!-- PUT -->
  <testcase classname="APIRequest.Basic5APIRequest" name="Delete" time="0.0">
    <ignored/>
  </testcase> <!-- Delete -->
  <testcase classname="APIRequest.Basic5APIRequest" name="Post" time="0.0">
    <ignored/>
  </testcase> <!-- Post -->
</testsuite> <!-- Default test -->
