<?xml version="1.0" encoding="UTF-8"?>
<!-- Generated by org.testng.reporters.JUnitXMLReporter -->
<testsuite ignored="7" hostname="LAPTOP-FI73UU61" failures="0" tests="3" name="Default test" time="13.271" errors="0" timestamp="2022-11-24T12:43:28 IST">
  <testcase classname="BasicRequests.FirstRequest" name="PATCHUsingDataProvider" time="5.103"/>
  <testcase classname="BasicRequests.FirstRequest" name="PATCHUsingDataProvider" time="4.06"/>
  <testcase classname="BasicRequests.FirstRequest" name="PATCHUsingDataProvider" time="4.057"/>
  <testcase classname="BasicRequests.FirstRequest" name="PATCH" time="0.0">
    <ignored/>
  </testcase> <!-- PATCH -->
  <testcase classname="BasicRequests.FirstRequest" name="GET" time="0.0">
    <ignored/>
  </testcase> <!-- GET -->
  <testcase classname="BasicRequests.FirstRequest" name="PUT" time="0.0">
    <ignored/>
  </testcase> <!-- PUT -->
  <testcase classname="BasicRequests.FirstRequest" name="Delete" time="0.0">
    <ignored/>
  </testcase> <!-- Delete -->
  <testcase classname="BasicRequests.FirstRequest" name="QueryParameter" time="0.0">
    <ignored/>
  </testcase> <!-- QueryParameter -->
  <testcase classname="BasicRequests.FirstRequest" name="POST" time="0.0">
    <ignored/>
  </testcase> <!-- POST -->
  <testcase classname="BasicRequests.FirstRequest" name="Assertions" time="0.0">
    <ignored/>
  </testcase> <!-- Assertions -->
</testsuite> <!-- Default test -->
